Start testing: Jul 05 11:08 CEST
----------------------------------------------------------
1/1 Testing: test_nurses_cp
1/1 Test: test_nurses_cp
Command: "/home/dobleraemon/Downloads/or-tools/examples/nurses_cp/build/bin/nurses_cp"
Directory: /home/dobleraemon/Downloads/or-tools/examples/nurses_cp/build
"test_nurses_cp" start time: Jul 05 11:08 CEST
Output:
----------------------------------------------------------
I0705 11:08:12.983579    7835 nurses_cp.cc:35] Nurses: 0 1 2 3
I0705 11:08:12.983618    7835 nurses_cp.cc:44] Shifts: 0 1 2 3
I0705 11:08:12.983621    7835 nurses_cp.cc:52] Days: 0 1 2 3 4 5 6
I0705 11:08:13.248931    7835 nurses_cp.cc:184] Number of solutions: 18144
I0705 11:08:13.248954    7835 nurses_cp.cc:185] 
I0705 11:08:13.248955    7835 nurses_cp.cc:190] Solution 859:
I0705 11:08:13.248956    7835 nurses_cp.cc:192] Day 0:
I0705 11:08:13.248957    7835 nurses_cp.cc:194] Nurse 0 assigned to Task 0
I0705 11:08:13.248962    7835 nurses_cp.cc:194] Nurse 1 assigned to Task 2
I0705 11:08:13.248963    7835 nurses_cp.cc:194] Nurse 2 assigned to Task 3
I0705 11:08:13.248963    7835 nurses_cp.cc:194] Nurse 3 assigned to Task 1
I0705 11:08:13.248964    7835 nurses_cp.cc:192] Day 1:
I0705 11:08:13.248965    7835 nurses_cp.cc:194] Nurse 0 assigned to Task 0
I0705 11:08:13.248966    7835 nurses_cp.cc:194] Nurse 1 assigned to Task 2
I0705 11:08:13.248966    7835 nurses_cp.cc:194] Nurse 2 assigned to Task 3
I0705 11:08:13.248967    7835 nurses_cp.cc:194] Nurse 3 assigned to Task 1
I0705 11:08:13.248968    7835 nurses_cp.cc:192] Day 2:
I0705 11:08:13.248969    7835 nurses_cp.cc:194] Nurse 0 assigned to Task 2
I0705 11:08:13.248970    7835 nurses_cp.cc:194] Nurse 1 assigned to Task 1
I0705 11:08:13.248971    7835 nurses_cp.cc:194] Nurse 2 assigned to Task 3
I0705 11:08:13.248972    7835 nurses_cp.cc:194] Nurse 3 assigned to Task 0
I0705 11:08:13.248973    7835 nurses_cp.cc:192] Day 3:
I0705 11:08:13.248974    7835 nurses_cp.cc:194] Nurse 0 assigned to Task 2
I0705 11:08:13.248975    7835 nurses_cp.cc:194] Nurse 1 assigned to Task 0
I0705 11:08:13.248976    7835 nurses_cp.cc:194] Nurse 2 assigned to Task 3
I0705 11:08:13.248977    7835 nurses_cp.cc:194] Nurse 3 assigned to Task 1
I0705 11:08:13.248978    7835 nurses_cp.cc:192] Day 4:
I0705 11:08:13.248979    7835 nurses_cp.cc:194] Nurse 0 assigned to Task 2
I0705 11:08:13.248980    7835 nurses_cp.cc:194] Nurse 1 assigned to Task 0
I0705 11:08:13.248981    7835 nurses_cp.cc:194] Nurse 2 assigned to Task 3
I0705 11:08:13.248982    7835 nurses_cp.cc:194] Nurse 3 assigned to Task 1
I0705 11:08:13.248983    7835 nurses_cp.cc:192] Day 5:
I0705 11:08:13.248984    7835 nurses_cp.cc:194] Nurse 0 assigned to Task 3
I0705 11:08:13.248985    7835 nurses_cp.cc:194] Nurse 1 assigned to Task 2
I0705 11:08:13.248986    7835 nurses_cp.cc:194] Nurse 2 assigned to Task 0
I0705 11:08:13.248987    7835 nurses_cp.cc:194] Nurse 3 assigned to Task 1
I0705 11:08:13.248988    7835 nurses_cp.cc:192] Day 6:
I0705 11:08:13.248989    7835 nurses_cp.cc:194] Nurse 0 assigned to Task 3
I0705 11:08:13.248990    7835 nurses_cp.cc:194] Nurse 1 assigned to Task 2
I0705 11:08:13.248991    7835 nurses_cp.cc:194] Nurse 2 assigned to Task 0
I0705 11:08:13.248992    7835 nurses_cp.cc:194] Nurse 3 assigned to Task 1
I0705 11:08:13.248993    7835 nurses_cp.cc:190] Solution 2034:
I0705 11:08:13.248994    7835 nurses_cp.cc:192] Day 0:
I0705 11:08:13.248995    7835 nurses_cp.cc:194] Nurse 0 assigned to Task 0
I0705 11:08:13.248996    7835 nurses_cp.cc:194] Nurse 1 assigned to Task 1
I0705 11:08:13.248997    7835 nurses_cp.cc:194] Nurse 2 assigned to Task 3
I0705 11:08:13.248998    7835 nurses_cp.cc:194] Nurse 3 assigned to Task 2
I0705 11:08:13.248999    7835 nurses_cp.cc:192] Day 1:
I0705 11:08:13.249000    7835 nurses_cp.cc:194] Nurse 0 assigned to Task 1
I0705 11:08:13.249001    7835 nurses_cp.cc:194] Nurse 1 assigned to Task 2
I0705 11:08:13.249002    7835 nurses_cp.cc:194] Nurse 2 assigned to Task 3
I0705 11:08:13.249003    7835 nurses_cp.cc:194] Nurse 3 assigned to Task 0
I0705 11:08:13.249004    7835 nurses_cp.cc:192] Day 2:
I0705 11:08:13.249005    7835 nurses_cp.cc:194] Nurse 0 assigned to Task 1
I0705 11:08:13.249006    7835 nurses_cp.cc:194] Nurse 1 assigned to Task 2
I0705 11:08:13.249007    7835 nurses_cp.cc:194] Nurse 2 assigned to Task 0
I0705 11:08:13.249008    7835 nurses_cp.cc:194] Nurse 3 assigned to Task 3
I0705 11:08:13.249009    7835 nurses_cp.cc:192] Day 3:
I0705 11:08:13.249010    7835 nurses_cp.cc:194] Nurse 0 assigned to Task 1
I0705 11:08:13.249011    7835 nurses_cp.cc:194] Nurse 1 assigned to Task 2
I0705 11:08:13.249012    7835 nurses_cp.cc:194] Nurse 2 assigned to Task 0
I0705 11:08:13.249013    7835 nurses_cp.cc:194] Nurse 3 assigned to Task 3
I0705 11:08:13.249014    7835 nurses_cp.cc:192] Day 4:
I0705 11:08:13.249015    7835 nurses_cp.cc:194] Nurse 0 assigned to Task 1
I0705 11:08:13.249016    7835 nurses_cp.cc:194] Nurse 1 assigned to Task 2
I0705 11:08:13.249017    7835 nurses_cp.cc:194] Nurse 2 assigned to Task 3
I0705 11:08:13.249018    7835 nurses_cp.cc:194] Nurse 3 assigned to Task 0
I0705 11:08:13.249019    7835 nurses_cp.cc:192] Day 5:
I0705 11:08:13.249020    7835 nurses_cp.cc:194] Nurse 0 assigned to Task 1
I0705 11:08:13.249023    7835 nurses_cp.cc:194] Nurse 1 assigned to Task 0
I0705 11:08:13.249024    7835 nurses_cp.cc:194] Nurse 2 assigned to Task 3
I0705 11:08:13.249025    7835 nurses_cp.cc:194] Nurse 3 assigned to Task 2
I0705 11:08:13.249026    7835 nurses_cp.cc:192] Day 6:
I0705 11:08:13.249027    7835 nurses_cp.cc:194] Nurse 0 assigned to Task 0
I0705 11:08:13.249028    7835 nurses_cp.cc:194] Nurse 1 assigned to Task 1
I0705 11:08:13.249029    7835 nurses_cp.cc:194] Nurse 2 assigned to Task 3
I0705 11:08:13.249030    7835 nurses_cp.cc:194] Nurse 3 assigned to Task 2
I0705 11:08:13.249031    7835 nurses_cp.cc:190] Solution 5091:
I0705 11:08:13.249032    7835 nurses_cp.cc:192] Day 0:
I0705 11:08:13.249033    7835 nurses_cp.cc:194] Nurse 0 assigned to Task 1
I0705 11:08:13.249034    7835 nurses_cp.cc:194] Nurse 1 assigned to Task 3
I0705 11:08:13.249036    7835 nurses_cp.cc:194] Nurse 2 assigned to Task 2
I0705 11:08:13.249037    7835 nurses_cp.cc:194] Nurse 3 assigned to Task 0
I0705 11:08:13.249038    7835 nurses_cp.cc:192] Day 1:
I0705 11:08:13.249039    7835 nurses_cp.cc:194] Nurse 0 assigned to Task 0
I0705 11:08:13.249040    7835 nurses_cp.cc:194] Nurse 1 assigned to Task 3
I0705 11:08:13.249041    7835 nurses_cp.cc:194] Nurse 2 assigned to Task 2
I0705 11:08:13.249042    7835 nurses_cp.cc:194] Nurse 3 assigned to Task 1
I0705 11:08:13.249043    7835 nurses_cp.cc:192] Day 2:
I0705 11:08:13.249044    7835 nurses_cp.cc:194] Nurse 0 assigned to Task 1
I0705 11:08:13.249045    7835 nurses_cp.cc:194] Nurse 1 assigned to Task 0
I0705 11:08:13.249046    7835 nurses_cp.cc:194] Nurse 2 assigned to Task 3
I0705 11:08:13.249047    7835 nurses_cp.cc:194] Nurse 3 assigned to Task 2
I0705 11:08:13.249049    7835 nurses_cp.cc:192] Day 3:
I0705 11:08:13.249049    7835 nurses_cp.cc:194] Nurse 0 assigned to Task 1
I0705 11:08:13.249050    7835 nurses_cp.cc:194] Nurse 1 assigned to Task 0
I0705 11:08:13.249052    7835 nurses_cp.cc:194] Nurse 2 assigned to Task 3
I0705 11:08:13.249053    7835 nurses_cp.cc:194] Nurse 3 assigned to Task 2
I0705 11:08:13.249054    7835 nurses_cp.cc:192] Day 4:
I0705 11:08:13.249055    7835 nurses_cp.cc:194] Nurse 0 assigned to Task 1
I0705 11:08:13.249056    7835 nurses_cp.cc:194] Nurse 1 assigned to Task 3
I0705 11:08:13.249057    7835 nurses_cp.cc:194] Nurse 2 assigned to Task 0
I0705 11:08:13.249058    7835 nurses_cp.cc:194] Nurse 3 assigned to Task 2
I0705 11:08:13.249059    7835 nurses_cp.cc:192] Day 5:
I0705 11:08:13.249060    7835 nurses_cp.cc:194] Nurse 0 assigned to Task 0
I0705 11:08:13.249061    7835 nurses_cp.cc:194] Nurse 1 assigned to Task 3
I0705 11:08:13.249062    7835 nurses_cp.cc:194] Nurse 2 assigned to Task 2
I0705 11:08:13.249063    7835 nurses_cp.cc:194] Nurse 3 assigned to Task 1
I0705 11:08:13.249064    7835 nurses_cp.cc:192] Day 6:
I0705 11:08:13.249065    7835 nurses_cp.cc:194] Nurse 0 assigned to Task 1
I0705 11:08:13.249066    7835 nurses_cp.cc:194] Nurse 1 assigned to Task 3
I0705 11:08:13.249067    7835 nurses_cp.cc:194] Nurse 2 assigned to Task 2
I0705 11:08:13.249068    7835 nurses_cp.cc:194] Nurse 3 assigned to Task 0
I0705 11:08:13.249069    7835 nurses_cp.cc:190] Solution 7003:
I0705 11:08:13.249070    7835 nurses_cp.cc:192] Day 0:
I0705 11:08:13.249071    7835 nurses_cp.cc:194] Nurse 0 assigned to Task 1
I0705 11:08:13.249072    7835 nurses_cp.cc:194] Nurse 1 assigned to Task 0
I0705 11:08:13.249073    7835 nurses_cp.cc:194] Nurse 2 assigned to Task 3
I0705 11:08:13.249074    7835 nurses_cp.cc:194] Nurse 3 assigned to Task 2
I0705 11:08:13.249075    7835 nurses_cp.cc:192] Day 1:
I0705 11:08:13.249076    7835 nurses_cp.cc:194] Nurse 0 assigned to Task 1
I0705 11:08:13.249077    7835 nurses_cp.cc:194] Nurse 1 assigned to Task 2
I0705 11:08:13.249078    7835 nurses_cp.cc:194] Nurse 2 assigned to Task 0
I0705 11:08:13.249079    7835 nurses_cp.cc:194] Nurse 3 assigned to Task 3
I0705 11:08:13.249080    7835 nurses_cp.cc:192] Day 2:
I0705 11:08:13.249081    7835 nurses_cp.cc:194] Nurse 0 assigned to Task 1
I0705 11:08:13.249082    7835 nurses_cp.cc:194] Nurse 1 assigned to Task 2
I0705 11:08:13.249083    7835 nurses_cp.cc:194] Nurse 2 assigned to Task 0
I0705 11:08:13.249084    7835 nurses_cp.cc:194] Nurse 3 assigned to Task 3
I0705 11:08:13.249085    7835 nurses_cp.cc:192] Day 3:
I0705 11:08:13.249086    7835 nurses_cp.cc:194] Nurse 0 assigned to Task 0
I0705 11:08:13.249087    7835 nurses_cp.cc:194] Nurse 1 assigned to Task 2
I0705 11:08:13.249088    7835 nurses_cp.cc:194] Nurse 2 assigned to Task 1
I0705 11:08:13.249089    7835 nurses_cp.cc:194] Nurse 3 assigned to Task 3
I0705 11:08:13.249090    7835 nurses_cp.cc:192] Day 4:
I0705 11:08:13.249091    7835 nurses_cp.cc:194] Nurse 0 assigned to Task 1
I0705 11:08:13.249092    7835 nurses_cp.cc:194] Nurse 1 assigned to Task 2
I0705 11:08:13.249093    7835 nurses_cp.cc:194] Nurse 2 assigned to Task 3
I0705 11:08:13.249094    7835 nurses_cp.cc:194] Nurse 3 assigned to Task 0
I0705 11:08:13.249095    7835 nurses_cp.cc:192] Day 5:
I0705 11:08:13.249096    7835 nurses_cp.cc:194] Nurse 0 assigned to Task 1
I0705 11:08:13.249097    7835 nurses_cp.cc:194] Nurse 1 assigned to Task 2
I0705 11:08:13.249098    7835 nurses_cp.cc:194] Nurse 2 assigned to Task 3
I0705 11:08:13.249099    7835 nurses_cp.cc:194] Nurse 3 assigned to Task 0
I0705 11:08:13.249101    7835 nurses_cp.cc:192] Day 6:
I0705 11:08:13.249101    7835 nurses_cp.cc:194] Nurse 0 assigned to Task 1
I0705 11:08:13.249103    7835 nurses_cp.cc:194] Nurse 1 assigned to Task 0
I0705 11:08:13.249104    7835 nurses_cp.cc:194] Nurse 2 assigned to Task 3
I0705 11:08:13.249105    7835 nurses_cp.cc:194] Nurse 3 assigned to Task 2
I0705 11:08:13.249106    7835 nurses_cp.cc:200] Advanced usage:
I0705 11:08:13.249107    7835 nurses_cp.cc:201] Time: 265ms
<end of output>
Test time =   0.27 sec
----------------------------------------------------------
Test Passed.
"test_nurses_cp" end time: Jul 05 11:08 CEST
"test_nurses_cp" time elapsed: 00:00:00
----------------------------------------------------------

End testing: Jul 05 11:08 CEST
