Start testing: Jul 05 11:08 CEST
----------------------------------------------------------
1/1 Testing: test_simple_min_cost_flow_program
1/1 Test: test_simple_min_cost_flow_program
Command: "/home/dobleraemon/Downloads/or-tools/examples/simple_min_cost_flow_program/build/bin/simple_min_cost_flow_program"
Directory: /home/dobleraemon/Downloads/or-tools/examples/simple_min_cost_flow_program/build
"test_simple_min_cost_flow_program" start time: Jul 05 11:08 CEST
Output:
----------------------------------------------------------
WARNING: All log messages before absl::InitializeLog() is called are written to STDERR
I0000 00:00:1720170480.316042    7168 simple_min_cost_flow_program.cc:65] Minimum cost flow: 150
I0000 00:00:1720170480.316106    7168 simple_min_cost_flow_program.cc:66] 
I0000 00:00:1720170480.316110    7168 simple_min_cost_flow_program.cc:67]  Arc   Flow / Capacity  Cost
I0000 00:00:1720170480.316111    7168 simple_min_cost_flow_program.cc:70] 0 -> 1  12  / 15       48
I0000 00:00:1720170480.316115    7168 simple_min_cost_flow_program.cc:70] 0 -> 2  8  / 8       32
I0000 00:00:1720170480.316117    7168 simple_min_cost_flow_program.cc:70] 1 -> 2  8  / 20       16
I0000 00:00:1720170480.316119    7168 simple_min_cost_flow_program.cc:70] 1 -> 3  4  / 4       8
I0000 00:00:1720170480.316121    7168 simple_min_cost_flow_program.cc:70] 1 -> 4  0  / 10       0
I0000 00:00:1720170480.316123    7168 simple_min_cost_flow_program.cc:70] 2 -> 3  12  / 15       12
I0000 00:00:1720170480.316125    7168 simple_min_cost_flow_program.cc:70] 2 -> 4  4  / 4       12
I0000 00:00:1720170480.316127    7168 simple_min_cost_flow_program.cc:70] 3 -> 4  11  / 20       22
I0000 00:00:1720170480.316129    7168 simple_min_cost_flow_program.cc:70] 4 -> 2  0  / 5       0
<end of output>
Test time =   0.01 sec
----------------------------------------------------------
Test Passed.
"test_simple_min_cost_flow_program" end time: Jul 05 11:08 CEST
"test_simple_min_cost_flow_program" time elapsed: 00:00:00
----------------------------------------------------------

End testing: Jul 05 11:08 CEST
