Start testing: Jul 05 11:08 CEST
----------------------------------------------------------
1/1 Testing: test_simple_lp_program
1/1 Test: test_simple_lp_program
Command: "/home/dobleraemon/Downloads/or-tools/examples/simple_lp_program/build/bin/simple_lp_program"
Directory: /home/dobleraemon/Downloads/or-tools/examples/simple_lp_program/build
"test_simple_lp_program" start time: Jul 05 11:08 CEST
Output:
----------------------------------------------------------
WARNING: All log messages before absl::InitializeLog() is called are written to STDERR
I0000 00:00:1720170481.715516    7254 simple_lp_program.cc:36] Number of variables = 2
I0000 00:00:1720170481.715577    7254 simple_lp_program.cc:50] Number of constraints = 2
I0000 00:00:1720170481.715822    7254 simple_lp_program.cc:70] Solution:

I0000 00:00:1720170481.715833    7254 simple_lp_program.cc:71] Objective value = 25
I0000 00:00:1720170481.715851    7254 simple_lp_program.cc:72] x = 0
I0000 00:00:1720170481.715853    7254 simple_lp_program.cc:73] y = 2.5
I0000 00:00:1720170481.715855    7254 simple_lp_program.cc:77] 
Advanced usage:
I0000 00:00:1720170481.715856    7254 simple_lp_program.cc:78] Problem solved in 0 milliseconds
I0000 00:00:1720170481.715858    7254 simple_lp_program.cc:79] Problem solved in 0 iterations
<end of output>
Test time =   0.01 sec
----------------------------------------------------------
Test Passed.
"test_simple_lp_program" end time: Jul 05 11:08 CEST
"test_simple_lp_program" time elapsed: 00:00:00
----------------------------------------------------------

End testing: Jul 05 11:08 CEST
