Start testing: Jul 05 11:07 CEST
----------------------------------------------------------
1/1 Testing: test_simple_knapsack_program
1/1 Test: test_simple_knapsack_program
Command: "/home/dobleraemon/Downloads/or-tools/examples/simple_knapsack_program/build/bin/simple_knapsack_program"
Directory: /home/dobleraemon/Downloads/or-tools/examples/simple_knapsack_program/build
"test_simple_knapsack_program" start time: Jul 05 11:07 CEST
Output:
----------------------------------------------------------
WARNING: All log messages before absl::InitializeLog() is called are written to STDERR
I0000 00:00:1720170478.385651    6995 simple_knapsack_program.cc:71] Total value: 847
I0000 00:00:1720170478.385693    6995 simple_knapsack_program.cc:72] Packed items: {2, 3, 6, 13}
I0000 00:00:1720170478.385696    6995 simple_knapsack_program.cc:73] Total weight: 847
I0000 00:00:1720170478.385698    6995 simple_knapsack_program.cc:74] Packed weights: {194, 130, 230, 293}
<end of output>
Test time =   0.00 sec
----------------------------------------------------------
Test Passed.
"test_simple_knapsack_program" end time: Jul 05 11:07 CEST
"test_simple_knapsack_program" time elapsed: 00:00:00
----------------------------------------------------------

End testing: Jul 05 11:07 CEST
